Arguments: 
  /Users/qinguanghui/.nvm/versions/node/v16.13.1/bin/node /Users/qinguanghui/.nvm/versions/node/v16.13.1/bin/yarn add webpack-dev-server -D

PATH: 
  /Users/qinguanghui/Library/Android/sdk/emulator:/tools:/Users/qinguanghui/files/installedapplication/flutter/bin:/Library/Java/JavaVirtualMachines/jdk-16.0.1.jdk/Contents/Home/bin:/Library/Frameworks/Python.framework/Versions/3.7/bin:/Users/qinguanghui/.nvm/versions/node/v16.13.1/bin:/usr/local/bin:/usr/bin:/bin:/usr/sbin:/sbin:/usr/local/go/bin:/usr/local/aria2/bin:/usr/local/share/dotnet:~/.dotnet/tools:/Library/Apple/usr/bin:/Library/Frameworks/Mono.framework/Versions/Current/Commands:/Applications/Xamarin Workbooks.app/Contents/SharedSupport/path-bin:../usr/bin:/Library/Java/JavaVirtualMachines/jdk1.8.0_131.jdk/Contents/Home/bin:/usr/local/mysql/bin:/usr/local/mongodb/bin:/Users/qinguanghui/Library/Android/sdk/platform-tools:/Users/qinguanghui/Library/Android/sdk/tools:/Users/qinguanghui/Library/Android/sdk/build-tools/28.0.3:/Users/qinguanghui/.rvm/bin

Yarn version: 
  1.22.17

Node version: 
  16.13.1

Platform: 
  darwin x64

Trace: 
  Error: ENOENT: no such file or directory, copyfile '/Users/qinguanghui/Library/Caches/Yarn/v6/npm-ms-2.1.2-d09d1f357b443f493382a8eb3ccd183872ae6009-integrity/node_modules/ms/license.md' -> '/Users/qinguanghui/Desktop/document/react/react-refresh-debug/node_modules/@babel/core/node_modules/ms/license.md'

npm manifest: 
  {
  	"scripts": {
  		"dev": "webpack -w"
  	},
  	"devDependencies": {
  		"@babel/core": "^7.17.5",
  		"@babel/preset-env": "^7.16.11",
  		"@babel/preset-react": "^7.16.7",
  		"babel-loader": "^8.2.3",
  		"html-webpack-plugin": "^5.5.0",
  		"webpack": "^5.70.0",
  		"webpack-cli": "^4.9.2"
  	},
  	"dependencies": {
  		"react": "^17.0.2"
  	}
  }

yarn manifest: 
  No manifest

Lockfile: 
  No lockfile
